#
# A fatal error has been detected by the Java Runtime Environment:
#
#  EXCEPTION_ACCESS_VIOLATION (0xc0000005) at pc=0x0000000004afa340, pid=37592, tid=0x000000000000b9e8
#
# JRE version: OpenJDK Runtime Environment (8.0_202-b03) (build 1.8.0_202-release-1483-b03)
# Java VM: OpenJDK 64-Bit Server VM (25.202-b03 mixed mode windows-amd64 compressed oops)
# Problematic frame:
# J 23540 C2 org.gradle.internal.component.external.model.AbstractConfigurationMetadata.getConfigDependencies()Lcom/google/common/collect/ImmutableList; (36 bytes) @ 0x0000000004afa340 [0x0000000004af9f60+0x3e0]
#
# Failed to write core dump. Minidumps are not enabled by default on client versions of Windows
#
# If you would like to submit a bug report, please visit:
#   http://bugreport.java.com/bugreport/crash.jsp
#

---------------  T H R E A D  ---------------

Current thread (0x000000001cc80800):  JavaThread "Daemon worker Thread 15" [_thread_in_Java, id=47592, stack(0x000000001a1b0000,0x000000001a2b0000)]

siginfo: ExceptionCode=0xc0000005, writing address 0x0000000000000038

Registers:
RAX=0x0000000000000000, RBX=0x0000000000000012, RCX=0x0000000000000038, RDX=0x0000000000000000
RSP=0x000000001a2aa8c0, RBP=0x00000000e7aaee68, RSI=0x0000000011550000, RDI=0x00000000e7ab40d8
R8 =0x0000000000000000, R9 =0x0000000000000000, R10=0x0000000000000001, R11=0x00000000a02b1be0
R12=0x0000000000000000, R13=0x00000000e7aaee58, R14=0x0000000000000000, R15=0x000000001cc80800
RIP=0x0000000004afa340, EFLAGS=0x0000000000010246

Top of Stack: (sp=0x000000001a2aa8c0)
0x000000001a2aa8c0:   00000000e7ab2df0 00000000a02b1be0
0x000000001a2aa8d0:   00000000e7aafc18 00000000e7a1e430
0x000000001a2aa8e0:   000000010047a920 00000000e7ab1530
0x000000001a2aa8f0:   00000001000d48d8 000000010016a958
0x000000001a2aa900:   0000000100497fc8 00000000e7aafe90
0x000000001a2aa910:   e7aafc18e7aaff30 00000000e7aaff30
0x000000001a2aa920:   00000012e7aaff30 00000000e7ab4080
0x000000001a2aa930:   00000000e7aafc18 e7aafe9000000012
0x000000001a2aa940:   00000000e7aaff30 0000000071e64d2b
0x000000001a2aa950:   00000000e7aa3a58 0000000020092fbf
0x000000001a2aa960:   000000001a2aaa30 000000000359ad6c
0x000000001a2aa970:   00000000e7aaf740 00000000e7aaf758
0x000000001a2aa980:   00000000e7aaf7f0 00000000e7aaf7d8
0x000000001a2aa990:   00000000a02b1be0 00000000e7aaf8f0
0x000000001a2aa9a0:   00000000e7aafba8 00000000a0840ab0
0x000000001a2aa9b0:   00000000e7ab3eb0 0000000002697e20 

Instructions: (pc=0x0000000004afa340)
0x0000000004afa320:   00 00 49 bb e0 1b 2b a0 00 00 00 00 41 ba 01 00
0x0000000004afa330:   00 00 45 33 c9 45 33 c0 4c 89 9c 24 d0 00 00 00
0x0000000004afa340:   dd 31 00 50 d8 00 00 00 4c 89 8c 24 b0 00 00 00
0x0000000004afa350:   e9 12 0c 00 00 41 81 fb 27 13 09 20 0f 85 0f 1a 


Register to memory mapping:

RAX=0x0000000000000000 is an unknown value
RBX=0x0000000000000012 is an unknown value
RCX=0x0000000000000038 is an unknown value
RDX=0x0000000000000000 is an unknown value
RSP=0x000000001a2aa8c0 is pointing into the stack for thread: 0x000000001cc80800
RBP=0x00000000e7aaee68 is an oop

[error occurred during error reporting (printing register info), id 0xc0000005]

Stack: [0x000000001a1b0000,0x000000001a2b0000],  sp=0x000000001a2aa8c0,  free space=1002k
Native frames: (J=compiled Java code, j=interpreted, Vv=VM code, C=native code)
C  0x0000000004afa340


---------------  P R O C E S S  ---------------

Java Threads: ( => current thread )
  0x000000001cc8e000 JavaThread "Cache worker for cache directory md-rule (C:\Users\UtkarshJ\.gradle\caches\5.4.1\md-rule)" [_thread_blocked, id=49040, stack(0x0000000020420000,0x0000000020520000)]
  0x000000001cc8d000 JavaThread "Cache worker for cache directory md-supplier (C:\Users\UtkarshJ\.gradle\caches\5.4.1\md-supplier)" [_thread_blocked, id=43752, stack(0x000000001fc20000,0x000000001fd20000)]
  0x000000001cc83800 JavaThread "Cache worker for file hash cache (C:\Users\UtkarshJ\AndroidStudioProjects\Fragmentruntimeexample\.gradle\5.4.1\fileHashes)" [_thread_blocked, id=46484, stack(0x000000001fb20000,0x000000001fc20000)]
  0x000000001cc89800 JavaThread "Thread-453" [_thread_blocked, id=37724, stack(0x000000001e020000,0x000000001e120000)]
  0x000000001cc88000 JavaThread "Stdin handler" [_thread_blocked, id=2840, stack(0x000000001a8b0000,0x000000001a9b0000)]
  0x000000001cc84000 JavaThread "Asynchronous log dispatcher for DefaultDaemonConnection: socket connection from /127.0.0.1:52758 to /127.0.0.1:65515" [_thread_blocked, id=42156, stack(0x000000001a4b0000,0x000000001a5b0000)]
=>0x000000001cc80800 JavaThread "Daemon worker Thread 15" [_thread_in_Java, id=47592, stack(0x000000001a1b0000,0x000000001a2b0000)]
  0x000000001cc85000 JavaThread "Cancel handler" [_thread_blocked, id=23408, stack(0x000000001a0b0000,0x000000001a1b0000)]
  0x000000001cc82800 JavaThread "Handler for socket connection from /127.0.0.1:52758 to /127.0.0.1:65515" [_thread_in_native, id=34988, stack(0x0000000000ab0000,0x0000000000bb0000)]
  0x000000001cc81000 JavaThread "Daemon Thread 15" [_thread_blocked, id=53320, stack(0x00000000009b0000,0x0000000000ab0000)]
  0x000000001db99800 JavaThread "Cache worker for Java compile cache (C:\Users\UtkarshJ\.gradle\caches\5.4.1\javaCompile)" [_thread_blocked, id=40284, stack(0x000000001a5b0000,0x000000001a6b0000)]
  0x000000001cc87000 JavaThread "MarlinRenderer Disposer" daemon [_thread_blocked, id=59628, stack(0x0000000024b90000,0x0000000024c90000)]
  0x000000001cc7f800 JavaThread "Java2D Disposer" daemon [_thread_blocked, id=39692, stack(0x0000000024a90000,0x0000000024b90000)]
  0x00000000188cd800 JavaThread "Cache worker for file content cache (C:\Users\UtkarshJ\.gradle\caches\5.4.1\fileContent)" [_thread_blocked, id=53468, stack(0x00000000232c0000,0x00000000233c0000)]
  0x000000001cc8a000 JavaThread "Memory manager" [_thread_blocked, id=2800, stack(0x00000000210f0000,0x00000000211f0000)]
  0x000000001cc85800 JavaThread "Cache worker for execution history cache (C:\Users\UtkarshJ\.gradle\caches\5.4.1\executionHistory)" [_thread_blocked, id=50292, stack(0x000000001fd20000,0x000000001fe20000)]
  0x00000000191fb800 JavaThread "Cache worker for journal cache (C:\Users\UtkarshJ\.gradle\caches\journal-1)" [_thread_blocked, id=48320, stack(0x000000001abb0000,0x000000001acb0000)]
  0x00000000191fe800 JavaThread "File lock request listener" [_thread_in_native, id=23488, stack(0x000000001aab0000,0x000000001abb0000)]
  0x00000000191ff800 JavaThread "Cache worker for file hash cache (C:\Users\UtkarshJ\.gradle\caches\5.4.1\fileHashes)" [_thread_blocked, id=30196, stack(0x000000001a9b0000,0x000000001aab0000)]
  0x00000000182d2800 JavaThread "Daemon periodic checks" [_thread_blocked, id=47360, stack(0x0000000019fb0000,0x000000001a0b0000)]
  0x0000000018d45800 JavaThread "Incoming local TCP Connector on port 52758" [_thread_in_native, id=48992, stack(0x0000000019d70000,0x0000000019e70000)]
  0x0000000018fcf800 JavaThread "Daemon health stats" [_thread_blocked, id=33784, stack(0x0000000019730000,0x0000000019830000)]
  0x000000001797f800 JavaThread "Service Thread" daemon [_thread_blocked, id=57876, stack(0x0000000017d60000,0x0000000017e60000)]
  0x0000000016009800 JavaThread "C1 CompilerThread2" daemon [_thread_blocked, id=35228, stack(0x0000000017860000,0x0000000017960000)]
  0x0000000016006000 JavaThread "C2 CompilerThread1" daemon [_thread_blocked, id=38212, stack(0x0000000017760000,0x0000000017860000)]
  0x0000000015fff000 JavaThread "C2 CompilerThread0" daemon [_thread_blocked, id=59652, stack(0x0000000017660000,0x0000000017760000)]
  0x0000000015ffc000 JavaThread "Attach Listener" daemon [_thread_blocked, id=34076, stack(0x0000000017560000,0x0000000017660000)]
  0x0000000015ff9000 JavaThread "Signal Dispatcher" daemon [_thread_blocked, id=2616, stack(0x0000000017460000,0x0000000017560000)]
  0x0000000002689800 JavaThread "Finalizer" daemon [_thread_blocked, id=46492, stack(0x0000000017260000,0x0000000017360000)]
  0x0000000002681000 JavaThread "Reference Handler" daemon [_thread_blocked, id=44564, stack(0x0000000017160000,0x0000000017260000)]
  0x000000000243d800 JavaThread "main" [_thread_blocked, id=56180, stack(0x0000000002490000,0x0000000002590000)]

Other Threads:
  0x0000000015fc6800 VMThread [stack: 0x0000000017060000,0x0000000017160000] [id=57608]
  0x0000000017980800 WatcherThread [stack: 0x0000000017e60000,0x0000000017f60000] [id=32060]

VM state:not at safepoint (normal execution)

VM Mutex/Monitor currently owned by a thread: None

heap address: 0x00000000a0000000, size: 1536 MB, Compressed Oops mode: 32-bit
Narrow klass base: 0x0000000000000000, Narrow klass shift: 3
Compressed class space size: 1073741824 Address: 0x0000000100000000

Heap:
 PSYoungGen      total 308224K, used 162717K [0x00000000e0000000, 0x00000000f6880000, 0x0000000100000000)
  eden space 251392K, 49% used [0x00000000e0000000,0x00000000e7ab87c0,0x00000000ef580000)
  from space 56832K, 65% used [0x00000000f2e80000,0x00000000f52aedd8,0x00000000f6600000)
  to   space 58368K, 0% used [0x00000000ef580000,0x00000000ef580000,0x00000000f2e80000)
 ParOldGen       total 223744K, used 65889K [0x00000000a0000000, 0x00000000ada80000, 0x00000000e0000000)
  object space 223744K, 29% used [0x00000000a0000000,0x00000000a40586a8,0x00000000ada80000)
 Metaspace       used 99156K, capacity 105514K, committed 105676K, reserved 1140736K
  class space    used 12590K, capacity 13685K, committed 13824K, reserved 1048576K

Card table byte_map: [0x0000000011a50000,0x0000000011d60000] byte_map_base: 0x0000000011550000

Marking Bits: (ParMarkBitMap*) 0x0000000068d89f30
 Begin Bits: [0x0000000012360000, 0x0000000013b60000)
 End Bits:   [0x0000000013b60000, 0x0000000015360000)

Polling page: 0x00000000003f0000

CodeCache: size=245760Kb used=65949Kb max_used=66170Kb free=179810Kb
 bounds [0x0000000002690000, 0x00000000067a0000, 0x0000000011690000]
 total_blobs=19784 nmethods=18790 adapters=906
 compilation: enabled

Compilation events (10 events):
Event: 5313.436 Thread 0x0000000016009800 24809       3       org.gradle.api.internal.artifacts.repositories.DefaultMavenArtifactRepository::validate (20 bytes)
Event: 5313.436 Thread 0x0000000015fff000 24812       4       org.gradle.api.internal.artifacts.ivyservice.ivyresolve.CachingModuleComponentRepository::getName (10 bytes)
Event: 5313.437 Thread 0x0000000016009800 nmethod 24809 0x0000000003c15e10 code [0x0000000003c15fa0, 0x0000000003c162b8]
Event: 5313.438 Thread 0x0000000015fff000 nmethod 24812 0x00000000064bf650 code [0x00000000064bf7a0, 0x00000000064bf838]
Event: 5313.439 Thread 0x0000000016006000 24813       4       java.util.BitSet::checkInvariants (111 bytes)
Event: 5313.440 Thread 0x0000000016006000 nmethod 24813 0x000000000354e210 code [0x000000000354e340, 0x000000000354e398]
Event: 5313.441 Thread 0x0000000016009800 24810       3       org.gradle.api.internal.artifacts.repositories.DefaultMavenArtifactRepository_Decorated::getConfiguredAuthentication (37 bytes)
Event: 5313.442 Thread 0x0000000016009800 nmethod 24810 0x0000000003847490 code [0x0000000003847680, 0x0000000003847ee8]
Event: 5313.442 Thread 0x0000000016009800 24811       3       org.gradle.api.internal.artifacts.repositories.AbstractAuthenticationSupportedRepository::getConfiguredAuthentication (8 bytes)
Event: 5313.443 Thread 0x0000000016009800 nmethod 24811 0x0000000006374b50 code [0x0000000006374cc0, 0x0000000006374e68]

GC Heap History (10 events):
Event: 4221.934 GC heap before
{Heap before GC invocations=30 (full 4):
 PSYoungGen      total 282624K, used 282455K [0x00000000e0000000, 0x00000000f4f00000, 0x0000000100000000)
  eden space 246272K, 99% used [0x00000000e0000000,0x00000000ef0564c0,0x00000000ef080000)
  from space 36352K, 99% used [0x00000000ef080000,0x00000000f13ff8d0,0x00000000f1400000)
  to   space 44032K, 0% used [0x00000000f2400000,0x00000000f2400000,0x00000000f4f00000)
 ParOldGen       total 223744K, used 54157K [0x00000000a0000000, 0x00000000ada80000, 0x00000000e0000000)
  object space 223744K, 24% used [0x00000000a0000000,0x00000000a34e3478,0x00000000ada80000)
 Metaspace       used 97727K, capacity 102772K, committed 102988K, reserved 1138688K
  class space    used 12381K, capacity 13304K, committed 13440K, reserved 1048576K
Event: 4222.073 GC heap after
Heap after GC invocations=30 (full 4):
 PSYoungGen      total 287744K, used 44031K [0x00000000e0000000, 0x00000000f6380000, 0x0000000100000000)
  eden space 243712K, 0% used [0x00000000e0000000,0x00000000e0000000,0x00000000eee00000)
  from space 44032K, 99% used [0x00000000f2400000,0x00000000f4effd88,0x00000000f4f00000)
  to   space 55296K, 0% used [0x00000000eee00000,0x00000000eee00000,0x00000000f2400000)
 ParOldGen       total 223744K, used 64550K [0x00000000a0000000, 0x00000000ada80000, 0x00000000e0000000)
  object space 223744K, 28% used [0x00000000a0000000,0x00000000a3f09a98,0x00000000ada80000)
 Metaspace       used 97727K, capacity 102772K, committed 102988K, reserved 1138688K
  class space    used 12381K, capacity 13304K, committed 13440K, reserved 1048576K
}
Event: 4424.268 GC heap before
{Heap before GC invocations=31 (full 4):
 PSYoungGen      total 287744K, used 287743K [0x00000000e0000000, 0x00000000f6380000, 0x0000000100000000)
  eden space 243712K, 100% used [0x00000000e0000000,0x00000000eee00000,0x00000000eee00000)
  from space 44032K, 99% used [0x00000000f2400000,0x00000000f4effd88,0x00000000f4f00000)
  to   space 55296K, 0% used [0x00000000eee00000,0x00000000eee00000,0x00000000f2400000)
 ParOldGen       total 223744K, used 64550K [0x00000000a0000000, 0x00000000ada80000, 0x00000000e0000000)
  object space 223744K, 28% used [0x00000000a0000000,0x00000000a3f09a98,0x00000000ada80000)
 Metaspace       used 98638K, capacity 104844K, committed 105036K, reserved 1140736K
  class space    used 12557K, capacity 13628K, committed 13696K, reserved 1048576K
Event: 4424.350 GC heap after
Heap after GC invocations=31 (full 4):
 PSYoungGen      total 299008K, used 34007K [0x00000000e0000000, 0x00000000f6200000, 0x0000000100000000)
  eden space 243712K, 0% used [0x00000000e0000000,0x00000000e0000000,0x00000000eee00000)
  from space 55296K, 61% used [0x00000000eee00000,0x00000000f0f35ee0,0x00000000f2400000)
  to   space 56320K, 0% used [0x00000000f2b00000,0x00000000f2b00000,0x00000000f6200000)
 ParOldGen       total 223744K, used 65889K [0x00000000a0000000, 0x00000000ada80000, 0x00000000e0000000)
  object space 223744K, 29% used [0x00000000a0000000,0x00000000a40586a8,0x00000000ada80000)
 Metaspace       used 98638K, capacity 104844K, committed 105036K, reserved 1140736K
  class space    used 12557K, capacity 13628K, committed 13696K, reserved 1048576K
}
Event: 4636.138 GC heap before
{Heap before GC invocations=32 (full 4):
 PSYoungGen      total 299008K, used 276207K [0x00000000e0000000, 0x00000000f6200000, 0x0000000100000000)
  eden space 243712K, 99% used [0x00000000e0000000,0x00000000eec85e10,0x00000000eee00000)
  from space 55296K, 61% used [0x00000000eee00000,0x00000000f0f35ee0,0x00000000f2400000)
  to   space 56320K, 0% used [0x00000000f2b00000,0x00000000f2b00000,0x00000000f6200000)
 ParOldGen       total 223744K, used 65889K [0x00000000a0000000, 0x00000000ada80000, 0x00000000e0000000)
  object space 223744K, 29% used [0x00000000a0000000,0x00000000a40586a8,0x00000000ada80000)
 Metaspace       used 98798K, capacity 104918K, committed 105036K, reserved 1140736K
  class space    used 12559K, capacity 13629K, committed 13696K, reserved 1048576K
Event: 4636.208 GC heap after
Heap after GC invocations=32 (full 4):
 PSYoungGen      total 304128K, used 31347K [0x00000000e0000000, 0x00000000f6100000, 0x0000000100000000)
  eden space 248832K, 0% used [0x00000000e0000000,0x00000000e0000000,0x00000000ef300000)
  from space 55296K, 56% used [0x00000000f2b00000,0x00000000f499cda8,0x00000000f6100000)
  to   space 56320K, 0% used [0x00000000ef300000,0x00000000ef300000,0x00000000f2a00000)
 ParOldGen       total 223744K, used 65889K [0x00000000a0000000, 0x00000000ada80000, 0x00000000e0000000)
  object space 223744K, 29% used [0x00000000a0000000,0x00000000a40586a8,0x00000000ada80000)
 Metaspace       used 98798K, capacity 104918K, committed 105036K, reserved 1140736K
  class space    used 12559K, capacity 13629K, committed 13696K, reserved 1048576K
}
Event: 4821.905 GC heap before
{Heap before GC invocations=33 (full 4):
 PSYoungGen      total 304128K, used 280179K [0x00000000e0000000, 0x00000000f6100000, 0x0000000100000000)
  eden space 248832K, 100% used [0x00000000e0000000,0x00000000ef300000,0x00000000ef300000)
  from space 55296K, 56% used [0x00000000f2b00000,0x00000000f499cda8,0x00000000f6100000)
  to   space 56320K, 0% used [0x00000000ef300000,0x00000000ef300000,0x00000000f2a00000)
 ParOldGen       total 223744K, used 65889K [0x00000000a0000000, 0x00000000ada80000, 0x00000000e0000000)
  object space 223744K, 29% used [0x00000000a0000000,0x00000000a40586a8,0x00000000ada80000)
 Metaspace       used 98979K, capacity 105388K, committed 105676K, reserved 1140736K
  class space    used 12578K, capacity 13664K, committed 13824K, reserved 1048576K
Event: 4821.972 GC heap after
Heap after GC invocations=33 (full 4):
 PSYoungGen      total 305152K, used 34318K [0x00000000e0000000, 0x00000000f6600000, 0x0000000100000000)
  eden space 248832K, 0% used [0x00000000e0000000,0x00000000e0000000,0x00000000ef300000)
  from space 56320K, 60% used [0x00000000ef300000,0x00000000f1483940,0x00000000f2a00000)
  to   space 56832K, 0% used [0x00000000f2e80000,0x00000000f2e80000,0x00000000f6600000)
 ParOldGen       total 223744K, used 65889K [0x00000000a0000000, 0x00000000ada80000, 0x00000000e0000000)
  object space 223744K, 29% used [0x00000000a0000000,0x00000000a40586a8,0x00000000ada80000)
 Metaspace       used 98979K, capacity 105388K, committed 105676K, reserved 1140736K
  class space    used 12578K, capacity 13664K, committed 13824K, reserved 1048576K
}
Event: 5122.883 GC heap before
{Heap before GC invocations=34 (full 4):
 PSYoungGen      total 305152K, used 281681K [0x00000000e0000000, 0x00000000f6600000, 0x0000000100000000)
  eden space 248832K, 99% used [0x00000000e0000000,0x00000000ef190c20,0x00000000ef300000)
  from space 56320K, 60% used [0x00000000ef300000,0x00000000f1483940,0x00000000f2a00000)
  to   space 56832K, 0% used [0x00000000f2e80000,0x00000000f2e80000,0x00000000f6600000)
 ParOldGen       total 223744K, used 65889K [0x00000000a0000000, 0x00000000ada80000, 0x00000000e0000000)
  object space 223744K, 29% used [0x00000000a0000000,0x00000000a40586a8,0x00000000ada80000)
 Metaspace       used 99135K, capacity 105514K, committed 105676K, reserved 1140736K
  class space    used 12590K, capacity 13685K, committed 13824K, reserved 1048576K
Event: 5122.956 GC heap after
Heap after GC invocations=34 (full 4):
 PSYoungGen      total 308224K, used 37051K [0x00000000e0000000, 0x00000000f6880000, 0x0000000100000000)
  eden space 251392K, 0% used [0x00000000e0000000,0x00000000e0000000,0x00000000ef580000)
  from space 56832K, 65% used [0x00000000f2e80000,0x00000000f52aedd8,0x00000000f6600000)
  to   space 58368K, 0% used [0x00000000ef580000,0x00000000ef580000,0x00000000f2e80000)
 ParOldGen       total 223744K, used 65889K [0x00000000a0000000, 0x00000000ada80000, 0x00000000e0000000)
  object space 223744K, 29% used [0x00000000a0000000,0x00000000a40586a8,0x00000000ada80000)
 Metaspace       used 99135K, capacity 105514K, committed 105676K, reserved 1140736K
  class space    used 12590K, capacity 13685K, committed 13824K, reserved 1048576K
}

Deoptimization events (10 events):
Event: 4820.644 Thread 0x00000000188c1800 Uncommon trap: reason=array_check action=maybe_recompile pc=0x000000000654b70c method=java.util.ComparableTimSort.mergeLo(IIII)V @ 465
Event: 4820.689 Thread 0x00000000188c1800 Uncommon trap: reason=predicate action=maybe_recompile pc=0x00000000065421b4 method=java.util.ComparableTimSort.mergeHi(IIII)V @ 306
Event: 4821.495 Thread 0x00000000188c1800 Uncommon trap: reason=speculate_class_check action=maybe_recompile pc=0x000000000352d5d4 method=java.nio.charset.CharsetEncoder.reset()Ljava/nio/charset/CharsetEncoder; @ 1
Event: 5120.523 Thread 0x00000000188c1800 Uncommon trap: reason=unstable_if action=reinterpret pc=0x0000000003f12904 method=java.util.concurrent.ConcurrentHashMap.putVal(Ljava/lang/Object;Ljava/lang/Object;Z)Ljava/lang/Object; @ 113
Event: 5121.911 Thread 0x000000001db9f800 Uncommon trap: reason=array_check action=maybe_recompile pc=0x00000000056d45b4 method=java.util.ComparableTimSort.reverseRange([Ljava/lang/Object;II)V @ 20
Event: 5122.016 Thread 0x000000001db9f800 Uncommon trap: reason=array_check action=maybe_recompile pc=0x0000000006668684 method=java.util.ComparableTimSort.mergeHi(IIII)V @ 415
Event: 5122.016 Thread 0x000000001db9f800 Uncommon trap: reason=array_check action=maybe_recompile pc=0x0000000006668684 method=java.util.ComparableTimSort.mergeHi(IIII)V @ 415
Event: 5122.016 Thread 0x000000001db9f800 Uncommon trap: reason=predicate action=maybe_recompile pc=0x00000000039a3870 method=java.util.ComparableTimSort.mergeHi(IIII)V @ 306
Event: 5122.017 Thread 0x000000001db9f800 Uncommon trap: reason=array_check action=maybe_recompile pc=0x000000000666584c method=java.util.ComparableTimSort.mergeLo(IIII)V @ 133
Event: 5122.033 Thread 0x000000001db9f800 Uncommon trap: reason=array_check action=maybe_recompile pc=0x000000000666584c method=java.util.ComparableTimSort.mergeLo(IIII)V @ 133

Classes redefined (0 events):
No events

Internal exceptions (10 events):
Event: 4821.902 Thread 0x00000000188ca800 Exception <a 'sun/nio/fs/WindowsException'> (0x00000000eee59b38) thrown at [D:\src\AOSP-openjdk-cygwin\jdk8u\hotspot\src\share\vm\prims\jni.cpp, line 710]
Event: 4822.539 Thread 0x000000001db9b000 Exception <a 'sun/nio/fs/WindowsException'> (0x00000000e61c36a8) thrown at [D:\src\AOSP-openjdk-cygwin\jdk8u\hotspot\src\share\vm\prims\jni.cpp, line 710]
Event: 4822.867 Thread 0x000000001cc83800 Exception <a 'sun/nio/fs/WindowsException'> (0x00000000e76cbb70) thrown at [D:\src\AOSP-openjdk-cygwin\jdk8u\hotspot\src\share\vm\prims\jni.cpp, line 710]
Event: 5120.188 Thread 0x000000001db9f800 Exception <a 'sun/nio/fs/WindowsException'> (0x00000000e8632098) thrown at [D:\src\AOSP-openjdk-cygwin\jdk8u\hotspot\src\share\vm\prims\jni.cpp, line 710]
Event: 5122.591 Thread 0x00000000188ca800 Exception <a 'sun/nio/fs/WindowsException'> (0x00000000edf09520) thrown at [D:\src\AOSP-openjdk-cygwin\jdk8u\hotspot\src\share\vm\prims\jni.cpp, line 710]
Event: 5122.616 Thread 0x00000000188ca800 Exception <a 'sun/nio/fs/WindowsException'> (0x00000000edfd2318) thrown at [D:\src\AOSP-openjdk-cygwin\jdk8u\hotspot\src\share\vm\prims\jni.cpp, line 710]
Event: 5122.879 Thread 0x00000000188cc000 Exception <a 'sun/nio/fs/WindowsException'> (0x00000000ee96de00) thrown at [D:\src\AOSP-openjdk-cygwin\jdk8u\hotspot\src\share\vm\prims\jni.cpp, line 710]
Event: 5123.539 Thread 0x000000001cc83800 Exception <a 'sun/nio/fs/WindowsException'> (0x00000000e5e7c008) thrown at [D:\src\AOSP-openjdk-cygwin\jdk8u\hotspot\src\share\vm\prims\jni.cpp, line 710]
Event: 5123.927 Thread 0x000000001db9f800 Exception <a 'sun/nio/fs/WindowsException'> (0x00000000e7330fe8) thrown at [D:\src\AOSP-openjdk-cygwin\jdk8u\hotspot\src\share\vm\prims\jni.cpp, line 710]
Event: 5313.439 Thread 0x000000001cc80800 Implicit null exception at 0x0000000004afa340 to 0x0000000000000000

Events (10 events):
Event: 5313.371 Executing VM operation: RevokeBias
Event: 5313.371 Executing VM operation: RevokeBias done
Event: 5313.371 Executing VM operation: RevokeBias
Event: 5313.371 Executing VM operation: RevokeBias done
Event: 5313.371 Executing VM operation: BulkRevokeBias
Event: 5313.372 Executing VM operation: BulkRevokeBias done
Event: 5313.377 Thread 0x0000000016009800 flushing nmethod 0x000000000443a510
Event: 5313.389 Thread 0x0000000016009800 flushing nmethod 0x0000000005195a10
Event: 5313.411 Thread 0x000000001cc8d000 Thread added: 0x000000001cc8d000
Event: 5313.419 Thread 0x000000001cc8e000 Thread added: 0x000000001cc8e000


Dynamic libraries:
0x00007ff6ef740000 - 0x00007ff6ef771000 	E:\AndroidStudio\jre\bin\java.exe
0x00007ff860f60000 - 0x00007ff861150000 	C:\WINDOWS\SYSTEM32\ntdll.dll
0x00007ff85fb00000 - 0x00007ff85fbb2000 	C:\WINDOWS\System32\KERNEL32.DLL
0x00007ff85e920000 - 0x00007ff85ebc3000 	C:\WINDOWS\System32\KERNELBASE.dll
0x0000000069130000 - 0x00000000691c3000 	C:\WINDOWS\System32\SYSFER.DLL
0x00007ff85ff10000 - 0x00007ff85ffb3000 	C:\WINDOWS\System32\ADVAPI32.dll
0x00007ff860e80000 - 0x00007ff860f1e000 	C:\WINDOWS\System32\msvcrt.dll
0x00007ff85f100000 - 0x00007ff85f197000 	C:\WINDOWS\System32\sechost.dll
0x00007ff860d60000 - 0x00007ff860e80000 	C:\WINDOWS\System32\RPCRT4.dll
0x00007ff85f800000 - 0x00007ff85f994000 	C:\WINDOWS\System32\USER32.dll
0x00007ff85ebd0000 - 0x00007ff85ebf1000 	C:\WINDOWS\System32\win32u.dll
0x00007ff85f020000 - 0x00007ff85f046000 	C:\WINDOWS\System32\GDI32.dll
0x00007ff85ee50000 - 0x00007ff85efe4000 	C:\WINDOWS\System32\gdi32full.dll
0x00007ff85ed80000 - 0x00007ff85ee1e000 	C:\WINDOWS\System32\msvcp_win.dll
0x00007ff85ec00000 - 0x00007ff85ecfa000 	C:\WINDOWS\System32\ucrtbase.dll
0x00007ff84e3b0000 - 0x00007ff84e635000 	C:\WINDOWS\WinSxS\amd64_microsoft.windows.common-controls_6595b64144ccf1df_6.0.18362.657_none_e6c5b579130e3898\COMCTL32.dll
0x00007ff85f4c0000 - 0x00007ff85f7f6000 	C:\WINDOWS\System32\combase.dll
0x00007ff85ed00000 - 0x00007ff85ed80000 	C:\WINDOWS\System32\bcryptPrimitives.dll
0x00007ff8607e0000 - 0x00007ff86080e000 	C:\WINDOWS\System32\IMM32.DLL
0x0000000068f20000 - 0x0000000068ff2000 	E:\AndroidStudio\jre\jre\bin\msvcr100.dll
0x00000000685c0000 - 0x0000000068e06000 	E:\AndroidStudio\jre\jre\bin\server\jvm.dll
0x00007ff860c80000 - 0x00007ff860c88000 	C:\WINDOWS\System32\PSAPI.DLL
0x00007ff85a630000 - 0x00007ff85a639000 	C:\WINDOWS\SYSTEM32\WSOCK32.dll
0x00007ff85ffc0000 - 0x00007ff86002f000 	C:\WINDOWS\System32\WS2_32.dll
0x00007ff854380000 - 0x00007ff8543a4000 	C:\WINDOWS\SYSTEM32\WINMM.dll
0x00007ff854370000 - 0x00007ff85437a000 	C:\WINDOWS\SYSTEM32\VERSION.dll
0x00007ff854340000 - 0x00007ff85436d000 	C:\WINDOWS\SYSTEM32\WINMMBASE.dll
0x00007ff85e150000 - 0x00007ff85e19a000 	C:\WINDOWS\System32\cfgmgr32.dll
0x00007ff858d60000 - 0x00007ff858d6f000 	E:\AndroidStudio\jre\jre\bin\verify.dll
0x00007ff8552d0000 - 0x00007ff8552f9000 	E:\AndroidStudio\jre\jre\bin\java.dll
0x00007ff8552a0000 - 0x00007ff8552b6000 	E:\AndroidStudio\jre\jre\bin\zip.dll
0x00007ff860030000 - 0x00007ff860715000 	C:\WINDOWS\System32\SHELL32.dll
0x00007ff860720000 - 0x00007ff8607c9000 	C:\WINDOWS\System32\shcore.dll
0x00007ff85e1a0000 - 0x00007ff85e91f000 	C:\WINDOWS\System32\windows.storage.dll
0x00007ff85deb0000 - 0x00007ff85decf000 	C:\WINDOWS\System32\profapi.dll
0x00007ff85de40000 - 0x00007ff85de8a000 	C:\WINDOWS\System32\powrprof.dll
0x00007ff85de30000 - 0x00007ff85de40000 	C:\WINDOWS\System32\UMPDC.dll
0x00007ff85f3f0000 - 0x00007ff85f442000 	C:\WINDOWS\System32\shlwapi.dll
0x00007ff85ded0000 - 0x00007ff85dee1000 	C:\WINDOWS\System32\kernel.appcore.dll
0x00007ff85eff0000 - 0x00007ff85f007000 	C:\WINDOWS\System32\cryptsp.dll
0x00007ff855130000 - 0x00007ff85514a000 	E:\AndroidStudio\jre\jre\bin\net.dll
0x00007ff85d6a0000 - 0x00007ff85d707000 	C:\WINDOWS\system32\mswsock.dll
0x00007ff855110000 - 0x00007ff855121000 	E:\AndroidStudio\jre\jre\bin\nio.dll
0x00007ff8475b0000 - 0x00007ff8475d6000 	C:\Users\UtkarshJ\.gradle\native\29\windows-amd64\native-platform.dll
0x00007ff8550f0000 - 0x00007ff8550fd000 	E:\AndroidStudio\jre\jre\bin\management.dll
0x00007ff85d210000 - 0x00007ff85d243000 	C:\WINDOWS\system32\rsaenh.dll
0x00007ff85ee20000 - 0x00007ff85ee46000 	C:\WINDOWS\System32\bcrypt.dll
0x00007ff85dd50000 - 0x00007ff85dd75000 	C:\WINDOWS\SYSTEM32\USERENV.dll
0x00007ff85d870000 - 0x00007ff85d87c000 	C:\WINDOWS\SYSTEM32\CRYPTBASE.dll
0x00007ff85d3b0000 - 0x00007ff85d3ea000 	C:\WINDOWS\SYSTEM32\IPHLPAPI.DLL
0x00007ff85f010000 - 0x00007ff85f018000 	C:\WINDOWS\System32\NSI.dll
0x00007ff859d10000 - 0x00007ff859d26000 	C:\WINDOWS\SYSTEM32\dhcpcsvc6.DLL
0x00007ff859cf0000 - 0x00007ff859d0c000 	C:\WINDOWS\SYSTEM32\dhcpcsvc.DLL
0x00007ff85d400000 - 0x00007ff85d4ca000 	C:\WINDOWS\SYSTEM32\DNSAPI.dll
0x00007ff8360f0000 - 0x00007ff83628c000 	E:\AndroidStudio\jre\jre\bin\awt.dll
0x00007ff860c90000 - 0x00007ff860d54000 	C:\WINDOWS\System32\OLEAUT32.dll
0x00007ff85c6b0000 - 0x00007ff85c6dd000 	C:\WINDOWS\SYSTEM32\dwmapi.dll
0x00007ff85ad20000 - 0x00007ff85b2e0000 	C:\WINDOWS\SYSTEM32\d2d1.dll
0x00007ff85c100000 - 0x00007ff85c18f000 	C:\WINDOWS\SYSTEM32\apphelp.dll
0x00007ff85c5e0000 - 0x00007ff85c679000 	C:\WINDOWS\system32\uxtheme.dll
0x00007ff857b70000 - 0x00007ff857d64000 	C:\WINDOWS\SYSTEM32\dbghelp.dll

VM Arguments:
jvm_args: -Xmx1536m -Dfile.encoding=windows-1252 -Duser.country=IN -Duser.language=en -Duser.variant 
java_command: org.gradle.launcher.daemon.bootstrap.GradleDaemon 5.4.1
java_class_path (initial): C:\Users\UtkarshJ\.gradle\wrapper\dists\gradle-5.4.1-all\3221gyojl5jsh0helicew7rwx\gradle-5.4.1\lib\gradle-launcher-5.4.1.jar
Launcher Type: SUN_STANDARD

Environment Variables:
JAVA_HOME=C:\Program Files\Java\jdk1.8.0_241
PATH=C:\Program Files (x86)\Common Files\Oracle\Java\javapath;C:\Program Files\Microsoft MPI\Bin\;C:\WINDOWS\system32;C:\WINDOWS;%AppData%\npm;C:\Program Files\nodejs\;C:\WINDOWS\System32\Wbem;C:\WINDOWS\System32\WindowsPowerShell\v1.0\;C:\WINDOWS\System32\OpenSSH\;C:\Program Files (x86)\Yarn\bin\;C:\Program Files\dotnet\;C:\Program Files (x86)\Microsoft SQL Server\140\Tools\Binn\;C:\Program Files\Microsoft SQL Server\140\Tools\Binn\;C:\Program Files (x86)\Microsoft SQL Server\140\DTS\Binn\;C:\Program Files\Microsoft SQL Server\140\DTS\Binn\;C:\Program Files\Microsoft SQL Server\Client SDK\ODBC\130\Tools\Binn\;C:\Program Files\Microsoft SQL Server\130\Tools\Binn\;C:\Program Files (x86)\Microsoft SQL Server\150\DTS\Binn\;C:\Program Files\Java\jdk1.8.0_241\bin;C:\Program Files\Git\cmd;C:\Users\UtkarshJ\AppData\Local\Microsoft\WindowsApps;
USERNAME=UtkarshJ
OS=Windows_NT
PROCESSOR_IDENTIFIER=Intel64 Family 6 Model 69 Stepping 1, GenuineIntel



---------------  S Y S T E M  ---------------

OS: Windows 10.0 , 64 bit Build 18362 (10.0.18362.329)

CPU:total 4 (initial active 4) (2 cores per cpu, 2 threads per core) family 6 model 69 stepping 1, cmov, cx8, fxsr, mmx, sse, sse2, sse3, ssse3, sse4.1, sse4.2, popcnt, avx, avx2, aes, clmul, erms, lzcnt, ht, tsc, tscinvbit, bmi1, bmi2

Memory: 4k page, physical 10379628k(2933684k free), swap 14746328k(2810356k free)

vm_info: OpenJDK 64-Bit Server VM (25.202-b03) for windows-amd64 JRE (1.8.0_202-release-1483-b03), built by "builder" with MS VC++ 10.0 (VS2010)

time: Wed Mar 11 17:36:33 2020
timezone: India Standard Time
elapsed time: 5313 seconds (0d 1h 28m 33s)

